eventbuster2/build/outputs/logs/manifest-merger-debug-report.txt
-- Merging decision tree log ---
manifest
ADDED from eventbuster2\eventbuster2\AndroidManifest.xml:2:1-47:12
	package
		ADDED from eventbuster2\eventbuster2\AndroidManifest.xml:3:5-32
	android:versionName
		ADDED from eventbuster2\eventbuster2\AndroidManifest.xml:5:5-30
		INJECTED from eventbuster2\eventbuster2\AndroidManifest.xml
		INJECTED from eventbuster2\eventbuster2\AndroidManifest.xml
	android:versionCode
		ADDED from eventbuster2\eventbuster2\AndroidManifest.xml:4:5-28
		INJECTED from eventbuster2\eventbuster2\AndroidManifest.xml
		INJECTED from eventbuster2\eventbuster2\AndroidManifest.xml
	xmlns:android
		ADDED from eventbuster2\eventbuster2\AndroidManifest.xml:2:11-69
uses-sdk
ADDED from eventbuster2\eventbuster2\AndroidManifest.xml:7:5-9:41
MERGED from [com.android.support:support-v13:23.3.0] AndroidManifest.xml:20:5-44
MERGED from [com.android.support:support-v4:23.3.0] AndroidManifest.xml:20:5-43
	android:targetSdkVersion
		ADDED from eventbuster2\eventbuster2\AndroidManifest.xml:9:9-38
	android:minSdkVersion
		ADDED from eventbuster2\eventbuster2\AndroidManifest.xml:8:9-35
		INJECTED from eventbuster2\eventbuster2\AndroidManifest.xml
		INJECTED from eventbuster2\eventbuster2\AndroidManifest.xml
uses-permission#android.permission.INTERNET
ADDED from eventbuster2\eventbuster2\AndroidManifest.xml:11:5-67
	android:name
		ADDED from eventbuster2\eventbuster2\AndroidManifest.xml:11:22-64
uses-permission#android.permission.ACCESS_NETWORK_STATE
ADDED from eventbuster2\eventbuster2\AndroidManifest.xml:12:5-79
	android:name
		ADDED from eventbuster2\eventbuster2\AndroidManifest.xml:12:22-76
android:uses-permission#android.permission.WRITE_EXTERNAL_STORAGE
ADDED from eventbuster2\eventbuster2\AndroidManifest.xml:14:5-89
	android:name
		ADDED from eventbuster2\eventbuster2\AndroidManifest.xml:14:30-86
android:uses-permission#android.permission.READ_PHONE_STATE
ADDED from eventbuster2\eventbuster2\AndroidManifest.xml:15:5-83
	android:name
		ADDED from eventbuster2\eventbuster2\AndroidManifest.xml:15:30-80
android:uses-permission#android.permission.READ_EXTERNAL_STORAGE
ADDED from eventbuster2\eventbuster2\AndroidManifest.xml:16:5-88
	android:name
		ADDED from eventbuster2\eventbuster2\AndroidManifest.xml:16:30-85
application
ADDED from eventbuster2\eventbuster2\AndroidManifest.xml:18:5-45:19
MERGED from [com.android.support:support-v13:23.3.0] AndroidManifest.xml:22:5-20
MERGED from [com.android.support:support-v4:23.3.0] AndroidManifest.xml:22:5-20
	android:label
		ADDED from eventbuster2\eventbuster2\AndroidManifest.xml:21:9-41
	android:allowBackup
		ADDED from eventbuster2\eventbuster2\AndroidManifest.xml:19:9-35
	android:icon
		ADDED from eventbuster2\eventbuster2\AndroidManifest.xml:20:9-45
	android:theme
		ADDED from eventbuster2\eventbuster2\AndroidManifest.xml:22:9-40
activity#com.cloudant.todo.SettingsActivity
ADDED from eventbuster2\eventbuster2\AndroidManifest.xml:23:9-25:72
	android:label
		ADDED from eventbuster2\eventbuster2\AndroidManifest.xml:25:13-60
	android:name
		ADDED from eventbuster2\eventbuster2\AndroidManifest.xml:24:13-45
activity#com.cloudant.todo.TodoActivity
ADDED from eventbuster2\eventbuster2\AndroidManifest.xml:26:9-36:20
	android:screenOrientation
		ADDED from eventbuster2\eventbuster2\AndroidManifest.xml:30:13-49
	android:label
		ADDED from eventbuster2\eventbuster2\AndroidManifest.xml:29:13-39
	android:configChanges
		ADDED from eventbuster2\eventbuster2\AndroidManifest.xml:28:13-63
	android:name
		ADDED from eventbuster2\eventbuster2\AndroidManifest.xml:27:13-41
intent-filter#android.intent.action.MAIN+android.intent.category.LAUNCHER
ADDED from eventbuster2\eventbuster2\AndroidManifest.xml:31:13-35:29
action#android.intent.action.MAIN
ADDED from eventbuster2\eventbuster2\AndroidManifest.xml:32:17-69
	android:name
		ADDED from eventbuster2\eventbuster2\AndroidManifest.xml:32:25-66
category#android.intent.category.LAUNCHER
ADDED from eventbuster2\eventbuster2\AndroidManifest.xml:34:17-77
	android:name
		ADDED from eventbuster2\eventbuster2\AndroidManifest.xml:34:27-74
activity#com.cloudant.todo.HomeActivity
ADDED from eventbuster2\eventbuster2\AndroidManifest.xml:37:9-44:20
	android:label
		ADDED from eventbuster2\eventbuster2\AndroidManifest.xml:38:13-45
	android:name
		ADDED from eventbuster2\eventbuster2\AndroidManifest.xml:37:19-47